[DEBUG] [2024-04-29 21:09:50,556] [???] [database.go:github.com/Emrul-Hasan-Emon/repositories/ecommerce/database.openDatabase:32] ==> Connected to database localhost:3306: 
[DEBUG] [2024-04-29 21:09:50,560] [???] [database.go:github.com/Emrul-Hasan-Emon/repositories/ecommerce/database.openDatabase:37] ==> Database available localhost:3306:
[DEBUG] [2024-04-29 21:12:21,718] [???] [routebuilder.go:github.com/Emrul-Hasan-Emon/repositories/ecommerce/route.(*Builder).performanceLogger.func1:58] ==> POST /auth/login Log In 10.106462ms
[DEBUG] [2024-04-29 21:14:11,840] [???] [routebuilder.go:github.com/Emrul-Hasan-Emon/repositories/ecommerce/route.(*Builder).performanceLogger.func1:58] ==> POST /auth/login Log In 426.654µs
[DEBUG] [2024-04-29 21:22:38,907] [???] [routebuilder.go:github.com/Emrul-Hasan-Emon/repositories/ecommerce/route.(*Builder).performanceLogger.func1:58] ==> GET /products/ Get All Products 1.956411ms
[DEBUG] [2024-04-29 21:22:54,842] [???] [routebuilder.go:github.com/Emrul-Hasan-Emon/repositories/ecommerce/route.(*Builder).performanceLogger.func1:58] ==> GET /products/ Get All Products 804.352µs
[DEBUG] [2024-04-29 21:22:58,597] [???] [routebuilder.go:github.com/Emrul-Hasan-Emon/repositories/ecommerce/route.(*Builder).performanceLogger.func1:58] ==> GET /products/ Get All Products 690.89µs
[DEBUG] [2024-04-29 21:23:15,810] [???] [routebuilder.go:github.com/Emrul-Hasan-Emon/repositories/ecommerce/route.(*Builder).performanceLogger.func1:58] ==> GET /products/?id=kurtas Get All Products 690.369µs
[DEBUG] [2024-04-29 21:23:17,243] [???] [routebuilder.go:github.com/Emrul-Hasan-Emon/repositories/ecommerce/route.(*Builder).performanceLogger.func1:58] ==> GET /products/?id=kurtas Get All Products 648.918µs
[DEBUG] [2024-04-29 21:24:01,189] [???] [routebuilder.go:github.com/Emrul-Hasan-Emon/repositories/ecommerce/route.(*Builder).performanceLogger.func1:58] ==> GET /products/?id=sweaters Get All Products 702.342µs
[DEBUG] [2024-04-29 21:24:02,558] [???] [routebuilder.go:github.com/Emrul-Hasan-Emon/repositories/ecommerce/route.(*Builder).performanceLogger.func1:58] ==> GET /products/ Get All Products 631.694µs
[DEBUG] [2024-04-29 21:24:14,631] [???] [routebuilder.go:github.com/Emrul-Hasan-Emon/repositories/ecommerce/route.(*Builder).performanceLogger.func1:58] ==> GET /products/ Get All Products 874.368µs
[DEBUG] [2024-04-29 21:26:11,196] [???] [routebuilder.go:github.com/Emrul-Hasan-Emon/repositories/ecommerce/route.(*Builder).performanceLogger.func1:58] ==> GET /products/ Get All Products 637.987µs
[DEBUG] [2024-04-29 21:27:51,892] [???] [routebuilder.go:github.com/Emrul-Hasan-Emon/repositories/ecommerce/route.(*Builder).performanceLogger.func1:58] ==> GET /products/?id=kurtas Get All Products 780.394µs
[DEBUG] [2024-04-29 21:27:54,793] [???] [routebuilder.go:github.com/Emrul-Hasan-Emon/repositories/ecommerce/route.(*Builder).performanceLogger.func1:58] ==> GET /products/ Get All Products 774.743µs
[DEBUG] [2024-04-29 21:27:56,951] [???] [routebuilder.go:github.com/Emrul-Hasan-Emon/repositories/ecommerce/route.(*Builder).performanceLogger.func1:58] ==> GET /products/ Get All Products 709.366µs
[DEBUG] [2024-04-29 21:27:57,780] [???] [routebuilder.go:github.com/Emrul-Hasan-Emon/repositories/ecommerce/route.(*Builder).performanceLogger.func1:58] ==> GET /products/ Get All Products 751.808µs
[DEBUG] [2024-04-29 21:28:37,318] [???] [routebuilder.go:github.com/Emrul-Hasan-Emon/repositories/ecommerce/route.(*Builder).performanceLogger.func1:58] ==> GET /products/ Get All Products 809.716µs
[DEBUG] [2024-04-29 21:28:49,543] [???] [routebuilder.go:github.com/Emrul-Hasan-Emon/repositories/ecommerce/route.(*Builder).performanceLogger.func1:58] ==> GET /products/ Get All Products 699.513µs
[DEBUG] [2024-04-29 21:30:17,271] [???] [routebuilder.go:github.com/Emrul-Hasan-Emon/repositories/ecommerce/route.(*Builder).performanceLogger.func1:58] ==> GET /products/?id=pants Get All Products 685.498µs
[DEBUG] [2024-04-29 21:30:24,831] [???] [routebuilder.go:github.com/Emrul-Hasan-Emon/repositories/ecommerce/route.(*Builder).performanceLogger.func1:58] ==> GET /products/ Get All Products 618.864µs
[DEBUG] [2024-04-29 21:30:30,810] [???] [routebuilder.go:github.com/Emrul-Hasan-Emon/repositories/ecommerce/route.(*Builder).performanceLogger.func1:58] ==> GET /products/ Get All Products 600.377µs
[DEBUG] [2024-04-29 21:31:05,168] [???] [routebuilder.go:github.com/Emrul-Hasan-Emon/repositories/ecommerce/route.(*Builder).performanceLogger.func1:58] ==> GET /products/?id=sweaters Get All Products 648.659µs
[DEBUG] [2024-04-29 21:31:08,864] [???] [routebuilder.go:github.com/Emrul-Hasan-Emon/repositories/ecommerce/route.(*Builder).performanceLogger.func1:58] ==> GET /products/?id=shirt Get All Products 581.447µs
[DEBUG] [2024-04-29 21:31:14,740] [???] [routebuilder.go:github.com/Emrul-Hasan-Emon/repositories/ecommerce/route.(*Builder).performanceLogger.func1:58] ==> GET /products/ Get All Products 1.450855ms
[DEBUG] [2024-04-29 21:31:19,082] [???] [routebuilder.go:github.com/Emrul-Hasan-Emon/repositories/ecommerce/route.(*Builder).performanceLogger.func1:58] ==> GET /products/ Get All Products 774.008µs
[DEBUG] [2024-04-29 21:31:24,643] [???] [routebuilder.go:github.com/Emrul-Hasan-Emon/repositories/ecommerce/route.(*Builder).performanceLogger.func1:58] ==> GET /products/ Get All Products 717.265µs
[DEBUG] [2024-04-29 21:31:27,783] [???] [routebuilder.go:github.com/Emrul-Hasan-Emon/repositories/ecommerce/route.(*Builder).performanceLogger.func1:58] ==> GET /products/ Get All Products 638.253µs
[DEBUG] [2024-04-29 21:32:03,478] [???] [routebuilder.go:github.com/Emrul-Hasan-Emon/repositories/ecommerce/route.(*Builder).performanceLogger.func1:58] ==> GET /products/?id=kurtas Get All Products 534.932µs
[DEBUG] [2024-04-29 21:32:11,413] [???] [routebuilder.go:github.com/Emrul-Hasan-Emon/repositories/ecommerce/route.(*Builder).performanceLogger.func1:58] ==> GET /products/ Get All Products 745.579µs
[DEBUG] [2024-04-29 21:32:13,838] [???] [routebuilder.go:github.com/Emrul-Hasan-Emon/repositories/ecommerce/route.(*Builder).performanceLogger.func1:58] ==> GET /products/ Get All Products 707.314µs
[DEBUG] [2024-04-29 21:33:18,812] [???] [routebuilder.go:github.com/Emrul-Hasan-Emon/repositories/ecommerce/route.(*Builder).performanceLogger.func1:58] ==> GET /products/?id=sweaters Get All Products 609.438µs
[DEBUG] [2024-04-29 21:33:27,819] [???] [routebuilder.go:github.com/Emrul-Hasan-Emon/repositories/ecommerce/route.(*Builder).performanceLogger.func1:58] ==> GET /products/?id=t-shirts Get All Products 639.203µs
[DEBUG] [2024-04-29 21:33:43,566] [???] [routebuilder.go:github.com/Emrul-Hasan-Emon/repositories/ecommerce/route.(*Builder).performanceLogger.func1:58] ==> GET /products/ Get All Products 635.031µs
[DEBUG] [2024-04-29 21:34:16,419] [???] [routebuilder.go:github.com/Emrul-Hasan-Emon/repositories/ecommerce/route.(*Builder).performanceLogger.func1:58] ==> GET /products/ Get All Products 731.854µs
[DEBUG] [2024-04-29 21:35:03,696] [???] [routebuilder.go:github.com/Emrul-Hasan-Emon/repositories/ecommerce/route.(*Builder).performanceLogger.func1:58] ==> GET /products/ Get All Products 830.937µs
[DEBUG] [2024-04-29 21:36:22,525] [???] [routebuilder.go:github.com/Emrul-Hasan-Emon/repositories/ecommerce/route.(*Builder).performanceLogger.func1:58] ==> GET /products/ Get All Products 734.29µs
[DEBUG] [2024-04-29 21:39:44,285] [???] [routebuilder.go:github.com/Emrul-Hasan-Emon/repositories/ecommerce/route.(*Builder).performanceLogger.func1:58] ==> GET /products/ Get All Products 672.99µs
[DEBUG] [2024-04-29 21:39:45,810] [???] [routebuilder.go:github.com/Emrul-Hasan-Emon/repositories/ecommerce/route.(*Builder).performanceLogger.func1:58] ==> GET /products/1 Get Product By ID 423.784µs
[DEBUG] [2024-04-29 21:40:19,610] [???] [routebuilder.go:github.com/Emrul-Hasan-Emon/repositories/ecommerce/route.(*Builder).performanceLogger.func1:58] ==> GET /products/ Get All Products 758.493µs
[DEBUG] [2024-04-29 21:40:20,614] [???] [routebuilder.go:github.com/Emrul-Hasan-Emon/repositories/ecommerce/route.(*Builder).performanceLogger.func1:58] ==> GET /products/2 Get Product By ID 421.521µs
[DEBUG] [2024-04-29 21:44:04,493] [???] [routebuilder.go:github.com/Emrul-Hasan-Emon/repositories/ecommerce/route.(*Builder).performanceLogger.func1:58] ==> GET /products/2 Get Product By ID 593.022µs
[DEBUG] [2024-04-29 21:44:13,911] [???] [routebuilder.go:github.com/Emrul-Hasan-Emon/repositories/ecommerce/route.(*Builder).performanceLogger.func1:58] ==> GET /products/2 Get Product By ID 520.284µs
[DEBUG] [2024-04-29 21:44:38,386] [???] [routebuilder.go:github.com/Emrul-Hasan-Emon/repositories/ecommerce/route.(*Builder).performanceLogger.func1:58] ==> GET /products/2 Get Product By ID 450.894µs
[DEBUG] [2024-04-29 21:44:58,566] [???] [routebuilder.go:github.com/Emrul-Hasan-Emon/repositories/ecommerce/route.(*Builder).performanceLogger.func1:58] ==> GET /products/2 Get Product By ID 491.341µs
[DEBUG] [2024-04-29 21:45:09,844] [???] [routebuilder.go:github.com/Emrul-Hasan-Emon/repositories/ecommerce/route.(*Builder).performanceLogger.func1:58] ==> GET /products/2 Get Product By ID 368.548µs
[DEBUG] [2024-04-29 21:45:14,301] [???] [routebuilder.go:github.com/Emrul-Hasan-Emon/repositories/ecommerce/route.(*Builder).performanceLogger.func1:58] ==> GET /products/2 Get Product By ID 536.066µs
[DEBUG] [2024-04-29 21:45:49,050] [???] [routebuilder.go:github.com/Emrul-Hasan-Emon/repositories/ecommerce/route.(*Builder).performanceLogger.func1:58] ==> GET /products/2 Get Product By ID 515.413µs
[DEBUG] [2024-04-29 21:45:56,949] [???] [routebuilder.go:github.com/Emrul-Hasan-Emon/repositories/ecommerce/route.(*Builder).performanceLogger.func1:58] ==> GET /products/2 Get Product By ID 492.307µs
[DEBUG] [2024-04-29 21:46:08,898] [???] [routebuilder.go:github.com/Emrul-Hasan-Emon/repositories/ecommerce/route.(*Builder).performanceLogger.func1:58] ==> GET /products/2 Get Product By ID 487.046µs
[DEBUG] [2024-04-29 21:46:20,299] [???] [routebuilder.go:github.com/Emrul-Hasan-Emon/repositories/ecommerce/route.(*Builder).performanceLogger.func1:58] ==> GET /products/2 Get Product By ID 453.74µs
[DEBUG] [2024-04-29 21:46:25,559] [???] [routebuilder.go:github.com/Emrul-Hasan-Emon/repositories/ecommerce/route.(*Builder).performanceLogger.func1:58] ==> GET /products/2 Get Product By ID 435.383µs
[DEBUG] [2024-04-29 21:46:35,679] [???] [routebuilder.go:github.com/Emrul-Hasan-Emon/repositories/ecommerce/route.(*Builder).performanceLogger.func1:58] ==> GET /products/2 Get Product By ID 387.83µs
[DEBUG] [2024-04-29 21:46:44,361] [???] [routebuilder.go:github.com/Emrul-Hasan-Emon/repositories/ecommerce/route.(*Builder).performanceLogger.func1:58] ==> GET /products/2 Get Product By ID 396.887µs
[DEBUG] [2024-04-29 21:46:54,422] [???] [routebuilder.go:github.com/Emrul-Hasan-Emon/repositories/ecommerce/route.(*Builder).performanceLogger.func1:58] ==> GET /products/2 Get Product By ID 597.23µs
[DEBUG] [2024-04-29 21:47:08,764] [???] [routebuilder.go:github.com/Emrul-Hasan-Emon/repositories/ecommerce/route.(*Builder).performanceLogger.func1:58] ==> GET /products/2 Get Product By ID 354.183µs
[DEBUG] [2024-04-29 21:47:13,587] [???] [routebuilder.go:github.com/Emrul-Hasan-Emon/repositories/ecommerce/route.(*Builder).performanceLogger.func1:58] ==> GET /products/2 Get Product By ID 418.448µs
[DEBUG] [2024-04-29 21:47:26,921] [???] [routebuilder.go:github.com/Emrul-Hasan-Emon/repositories/ecommerce/route.(*Builder).performanceLogger.func1:58] ==> GET /products/2 Get Product By ID 413.198µs
[DEBUG] [2024-04-29 21:47:36,279] [???] [routebuilder.go:github.com/Emrul-Hasan-Emon/repositories/ecommerce/route.(*Builder).performanceLogger.func1:58] ==> GET /products/2 Get Product By ID 485.188µs
[DEBUG] [2024-04-29 21:47:56,104] [???] [routebuilder.go:github.com/Emrul-Hasan-Emon/repositories/ecommerce/route.(*Builder).performanceLogger.func1:58] ==> GET /products/2 Get Product By ID 561.607µs
[DEBUG] [2024-04-29 21:48:09,794] [???] [routebuilder.go:github.com/Emrul-Hasan-Emon/repositories/ecommerce/route.(*Builder).performanceLogger.func1:58] ==> GET /products/2 Get Product By ID 372.136µs
[DEBUG] [2024-04-29 21:50:59,140] [???] [routebuilder.go:github.com/Emrul-Hasan-Emon/repositories/ecommerce/route.(*Builder).performanceLogger.func1:58] ==> GET /products/2 Get Product By ID 538.144µs
[DEBUG] [2024-04-29 21:51:27,736] [???] [routebuilder.go:github.com/Emrul-Hasan-Emon/repositories/ecommerce/route.(*Builder).performanceLogger.func1:58] ==> GET /products/2 Get Product By ID 605.813µs
[DEBUG] [2024-04-29 21:51:40,854] [???] [routebuilder.go:github.com/Emrul-Hasan-Emon/repositories/ecommerce/route.(*Builder).performanceLogger.func1:58] ==> GET /products/2 Get Product By ID 757.868µs
[DEBUG] [2024-04-29 21:53:21,728] [???] [routebuilder.go:github.com/Emrul-Hasan-Emon/repositories/ecommerce/route.(*Builder).performanceLogger.func1:58] ==> GET /products/2 Get Product By ID 474.627µs
[DEBUG] [2024-04-29 21:54:07,186] [???] [routebuilder.go:github.com/Emrul-Hasan-Emon/repositories/ecommerce/route.(*Builder).performanceLogger.func1:58] ==> GET /products/2 Get Product By ID 533.67µs
[DEBUG] [2024-04-29 21:54:42,745] [???] [routebuilder.go:github.com/Emrul-Hasan-Emon/repositories/ecommerce/route.(*Builder).performanceLogger.func1:58] ==> GET /products/2 Get Product By ID 374.292µs
[DEBUG] [2024-04-29 21:54:56,948] [???] [routebuilder.go:github.com/Emrul-Hasan-Emon/repositories/ecommerce/route.(*Builder).performanceLogger.func1:58] ==> GET /products/2 Get Product By ID 469.766µs
[DEBUG] [2024-04-29 21:55:03,769] [???] [routebuilder.go:github.com/Emrul-Hasan-Emon/repositories/ecommerce/route.(*Builder).performanceLogger.func1:58] ==> GET /products/2 Get Product By ID 383.73µs
[DEBUG] [2024-04-29 21:55:30,273] [???] [routebuilder.go:github.com/Emrul-Hasan-Emon/repositories/ecommerce/route.(*Builder).performanceLogger.func1:58] ==> GET /products/2 Get Product By ID 500.414µs
[DEBUG] [2024-04-29 22:00:08,098] [???] [routebuilder.go:github.com/Emrul-Hasan-Emon/repositories/ecommerce/route.(*Builder).performanceLogger.func1:58] ==> GET /products/2 Get Product By ID 530.919µs
[DEBUG] [2024-04-29 22:00:20,003] [???] [routebuilder.go:github.com/Emrul-Hasan-Emon/repositories/ecommerce/route.(*Builder).performanceLogger.func1:58] ==> GET /products/2 Get Product By ID 626.252µs
[DEBUG] [2024-04-29 22:00:26,808] [???] [routebuilder.go:github.com/Emrul-Hasan-Emon/repositories/ecommerce/route.(*Builder).performanceLogger.func1:58] ==> GET /products/2 Get Product By ID 402.994µs
[DEBUG] [2024-04-29 22:01:04,110] [???] [routebuilder.go:github.com/Emrul-Hasan-Emon/repositories/ecommerce/route.(*Builder).performanceLogger.func1:58] ==> GET /products/2 Get Product By ID 378.537µs
[DEBUG] [2024-04-29 22:02:16,553] [???] [routebuilder.go:github.com/Emrul-Hasan-Emon/repositories/ecommerce/route.(*Builder).performanceLogger.func1:58] ==> GET /products/2 Get Product By ID 445.795µs
